<?xml version="1.0" encoding="UTF-8"?>
<testsuite name="it.unisalento.sonoffbackend.SonoffBackEndApplicationTests" tests="1" skipped="0" failures="0" errors="0" timestamp="2021-11-24T18:41:41" hostname="MacBook-Pro-di-Simone.local" time="0.253">
  <properties/>
  <testcase name="contextLoads()" classname="it.unisalento.sonoffbackend.SonoffBackEndApplicationTests" time="0.253"/>
  <system-out><![CDATA[19:41:40.026 [Test worker] DEBUG org.springframework.test.context.BootstrapUtils - Instantiating CacheAwareContextLoaderDelegate from class [org.springframework.test.context.cache.DefaultCacheAwareContextLoaderDelegate]
19:41:40.035 [Test worker] DEBUG org.springframework.test.context.BootstrapUtils - Instantiating BootstrapContext using constructor [public org.springframework.test.context.support.DefaultBootstrapContext(java.lang.Class,org.springframework.test.context.CacheAwareContextLoaderDelegate)]
19:41:40.059 [Test worker] DEBUG org.springframework.test.context.BootstrapUtils - Instantiating TestContextBootstrapper for test class [it.unisalento.sonoffbackend.SonoffBackEndApplicationTests] from class [org.springframework.boot.test.context.SpringBootTestContextBootstrapper]
19:41:40.066 [Test worker] INFO org.springframework.boot.test.context.SpringBootTestContextBootstrapper - Neither @ContextConfiguration nor @ContextHierarchy found for test class [it.unisalento.sonoffbackend.SonoffBackEndApplicationTests], using SpringBootContextLoader
19:41:40.069 [Test worker] DEBUG org.springframework.test.context.support.AbstractContextLoader - Did not detect default resource location for test class [it.unisalento.sonoffbackend.SonoffBackEndApplicationTests]: class path resource [it/unisalento/sonoffbackend/SonoffBackEndApplicationTests-context.xml] does not exist
19:41:40.069 [Test worker] DEBUG org.springframework.test.context.support.AbstractContextLoader - Did not detect default resource location for test class [it.unisalento.sonoffbackend.SonoffBackEndApplicationTests]: class path resource [it/unisalento/sonoffbackend/SonoffBackEndApplicationTestsContext.groovy] does not exist
19:41:40.070 [Test worker] INFO org.springframework.test.context.support.AbstractContextLoader - Could not detect default resource locations for test class [it.unisalento.sonoffbackend.SonoffBackEndApplicationTests]: no resource found for suffixes {-context.xml, Context.groovy}.
19:41:40.070 [Test worker] INFO org.springframework.test.context.support.AnnotationConfigContextLoaderUtils - Could not detect default configuration classes for test class [it.unisalento.sonoffbackend.SonoffBackEndApplicationTests]: SonoffBackEndApplicationTests does not declare any static, non-private, non-final, nested classes annotated with @Configuration.
19:41:40.098 [Test worker] DEBUG org.springframework.test.context.support.ActiveProfilesUtils - Could not find an 'annotation declaring class' for annotation type [org.springframework.test.context.ActiveProfiles] and class [it.unisalento.sonoffbackend.SonoffBackEndApplicationTests]
19:41:40.132 [Test worker] DEBUG org.springframework.context.annotation.ClassPathScanningCandidateComponentProvider - Identified candidate component class: file [/Users/simonerusso/Documents/github/Sonoff-backend/build/classes/java/main/it/unisalento/sonoffbackend/SonoffBackEndApplication.class]
19:41:40.132 [Test worker] INFO org.springframework.boot.test.context.SpringBootTestContextBootstrapper - Found @SpringBootConfiguration it.unisalento.sonoffbackend.SonoffBackEndApplication for test class it.unisalento.sonoffbackend.SonoffBackEndApplicationTests
19:41:40.205 [Test worker] DEBUG org.springframework.boot.test.context.SpringBootTestContextBootstrapper - @TestExecutionListeners is not present for class [it.unisalento.sonoffbackend.SonoffBackEndApplicationTests]: using defaults.
19:41:40.206 [Test worker] INFO org.springframework.boot.test.context.SpringBootTestContextBootstrapper - Loaded default TestExecutionListener class names from location [META-INF/spring.factories]: [org.springframework.boot.test.autoconfigure.restdocs.RestDocsTestExecutionListener, org.springframework.boot.test.autoconfigure.web.client.MockRestServiceServerResetTestExecutionListener, org.springframework.boot.test.autoconfigure.web.servlet.MockMvcPrintOnlyOnFailureTestExecutionListener, org.springframework.boot.test.autoconfigure.web.servlet.WebDriverTestExecutionListener, org.springframework.boot.test.autoconfigure.webservices.client.MockWebServiceServerTestExecutionListener, org.springframework.boot.test.mock.mockito.MockitoTestExecutionListener, org.springframework.boot.test.mock.mockito.ResetMocksTestExecutionListener, org.springframework.test.context.web.ServletTestExecutionListener, org.springframework.test.context.support.DirtiesContextBeforeModesTestExecutionListener, org.springframework.test.context.event.ApplicationEventsTestExecutionListener, org.springframework.test.context.support.DependencyInjectionTestExecutionListener, org.springframework.test.context.support.DirtiesContextTestExecutionListener, org.springframework.test.context.transaction.TransactionalTestExecutionListener, org.springframework.test.context.jdbc.SqlScriptsTestExecutionListener, org.springframework.test.context.event.EventPublishingTestExecutionListener]
19:41:40.213 [Test worker] DEBUG org.springframework.boot.test.context.SpringBootTestContextBootstrapper - Skipping candidate TestExecutionListener [org.springframework.test.context.transaction.TransactionalTestExecutionListener] due to a missing dependency. Specify custom listener classes or make the default listener classes and their required dependencies available. Offending class: [org/springframework/transaction/TransactionDefinition]
19:41:40.214 [Test worker] DEBUG org.springframework.boot.test.context.SpringBootTestContextBootstrapper - Skipping candidate TestExecutionListener [org.springframework.test.context.jdbc.SqlScriptsTestExecutionListener] due to a missing dependency. Specify custom listener classes or make the default listener classes and their required dependencies available. Offending class: [org/springframework/transaction/interceptor/TransactionAttribute]
19:41:40.215 [Test worker] INFO org.springframework.boot.test.context.SpringBootTestContextBootstrapper - Using TestExecutionListeners: [org.springframework.test.context.web.ServletTestExecutionListener@7072bc39, org.springframework.test.context.support.DirtiesContextBeforeModesTestExecutionListener@158d255c, org.springframework.test.context.event.ApplicationEventsTestExecutionListener@2ca65ce4, org.springframework.boot.test.mock.mockito.MockitoTestExecutionListener@327120c8, org.springframework.boot.test.autoconfigure.SpringBootDependencyInjectionTestExecutionListener@5707c1cb, org.springframework.test.context.support.DirtiesContextTestExecutionListener@2b5cb9b2, org.springframework.test.context.event.EventPublishingTestExecutionListener@35038141, org.springframework.boot.test.autoconfigure.restdocs.RestDocsTestExecutionListener@ecf9049, org.springframework.boot.test.autoconfigure.web.client.MockRestServiceServerResetTestExecutionListener@672f11c2, org.springframework.boot.test.autoconfigure.web.servlet.MockMvcPrintOnlyOnFailureTestExecutionListener@2970a5bc, org.springframework.boot.test.autoconfigure.web.servlet.WebDriverTestExecutionListener@50305a, org.springframework.boot.test.autoconfigure.webservices.client.MockWebServiceServerTestExecutionListener@72efb5c1, org.springframework.boot.test.mock.mockito.ResetMocksTestExecutionListener@6d511b5f]
19:41:40.217 [Test worker] DEBUG org.springframework.test.context.support.AbstractDirtiesContextTestExecutionListener - Before test class: context [DefaultTestContext@5d8445d7 testClass = SonoffBackEndApplicationTests, testInstance = [null], testMethod = [null], testException = [null], mergedContextConfiguration = [WebMergedContextConfiguration@37d80fe7 testClass = SonoffBackEndApplicationTests, locations = '{}', classes = '{class it.unisalento.sonoffbackend.SonoffBackEndApplication}', contextInitializerClasses = '[]', activeProfiles = '{}', propertySourceLocations = '{}', propertySourceProperties = '{org.springframework.boot.test.context.SpringBootTestContextBootstrapper=true}', contextCustomizers = set[org.springframework.boot.test.autoconfigure.actuate.metrics.MetricsExportContextCustomizerFactory$DisableMetricExportContextCustomizer@55342f40, org.springframework.boot.test.autoconfigure.properties.PropertyMappingContextCustomizer@0, org.springframework.boot.test.autoconfigure.web.servlet.WebDriverContextCustomizerFactory$Customizer@20f12539, org.springframework.boot.test.context.filter.ExcludeFilterContextCustomizer@13cf7d52, org.springframework.boot.test.json.DuplicateJsonObjectContextCustomizerFactory$DuplicateJsonObjectContextCustomizer@57459491, org.springframework.boot.test.mock.mockito.MockitoContextCustomizer@0, org.springframework.boot.test.web.client.TestRestTemplateContextCustomizer@68b6f0d6, org.springframework.boot.test.context.SpringBootTestArgs@1, org.springframework.boot.test.context.SpringBootTestWebEnvironment@415b0b49], resourceBasePath = 'src/main/webapp', contextLoader = 'org.springframework.boot.test.context.SpringBootContextLoader', parent = [null]], attributes = map['org.springframework.test.context.web.ServletTestExecutionListener.activateListener' -> true]], class annotated with @DirtiesContext [false] with mode [null].
19:41:40.240 [Test worker] DEBUG org.springframework.test.context.support.TestPropertySourceUtils - Adding inlined properties to environment: {spring.jmx.enabled=false, org.springframework.boot.test.context.SpringBootTestContextBootstrapper=true}

  .   ____          _            __ _ _
 /\\ / ___'_ __ _ _(_)_ __  __ _ \ \ \ \
( ( )\___ | '_ | '_| | '_ \/ _` | \ \ \ \
 \\/  ___)| |_)| | | | | || (_| |  ) ) ) )
  '  |____| .__|_| |_|_| |_\__, | / / / /
 =========|_|==============|___/=/_/_/_/
 :: Spring Boot ::                (v2.5.5)

2021-11-24 19:41:40.417  WARN 3872 --- [    Test worker] ory$DuplicateJsonObjectContextCustomizer : 

Found multiple occurrences of org.json.JSONObject on the class path:

	jar:file:/Users/simonerusso/.gradle/caches/modules-2/files-2.1/org.json/json/20171018/36ced462c97f0845b4a7b266a25cebe95d18baa3/json-20171018.jar!/org/json/JSONObject.class
	jar:file:/Users/simonerusso/.gradle/caches/modules-2/files-2.1/com.vaadin.external.google/android-json/0.0.20131108.vaadin1/fa26d351fe62a6a17f5cda1287c1c6110dec413f/android-json-0.0.20131108.vaadin1.jar!/org/json/JSONObject.class

You may wish to exclude one of them to ensure predictable runtime behavior

2021-11-24 19:41:40.427  INFO 3872 --- [    Test worker] i.u.s.SonoffBackEndApplicationTests      : Starting SonoffBackEndApplicationTests using Java 16.0.1 on MacBook-Pro-di-Simone.local with PID 3872 (started by simonerusso in /Users/simonerusso/Documents/github/Sonoff-backend)
2021-11-24 19:41:40.429  INFO 3872 --- [    Test worker] i.u.s.SonoffBackEndApplicationTests      : No active profile set, falling back to default profiles: default
2021-11-24 19:41:41.342  WARN 3872 --- [    Test worker] ion$DefaultTemplateResolverConfiguration : Cannot find template location: classpath:/templates/ (please add some templates or check your Thymeleaf configuration)
2021-11-24 19:41:41.415  INFO 3872 --- [    Test worker] i.u.s.SonoffBackEndApplicationTests      : Started SonoffBackEndApplicationTests in 1.168 seconds (JVM running for 2.046)
]]></system-out>
  <system-err><![CDATA[]]></system-err>
</testsuite>
