<?xml version="1.0" encoding="UTF-8"?>
<testsuite name="it.unisalento.sonoffbackend.SonoffBackEndApplicationTests" tests="1" skipped="0" failures="0" errors="0" timestamp="2021-11-24T18:36:25" hostname="MacBook-Pro-di-Simone.local" time="0.274">
  <properties/>
  <testcase name="contextLoads()" classname="it.unisalento.sonoffbackend.SonoffBackEndApplicationTests" time="0.274"/>
  <system-out><![CDATA[19:36:23.983 [Test worker] DEBUG org.springframework.test.context.BootstrapUtils - Instantiating CacheAwareContextLoaderDelegate from class [org.springframework.test.context.cache.DefaultCacheAwareContextLoaderDelegate]
19:36:23.993 [Test worker] DEBUG org.springframework.test.context.BootstrapUtils - Instantiating BootstrapContext using constructor [public org.springframework.test.context.support.DefaultBootstrapContext(java.lang.Class,org.springframework.test.context.CacheAwareContextLoaderDelegate)]
19:36:24.020 [Test worker] DEBUG org.springframework.test.context.BootstrapUtils - Instantiating TestContextBootstrapper for test class [it.unisalento.sonoffbackend.SonoffBackEndApplicationTests] from class [org.springframework.boot.test.context.SpringBootTestContextBootstrapper]
19:36:24.030 [Test worker] INFO org.springframework.boot.test.context.SpringBootTestContextBootstrapper - Neither @ContextConfiguration nor @ContextHierarchy found for test class [it.unisalento.sonoffbackend.SonoffBackEndApplicationTests], using SpringBootContextLoader
19:36:24.034 [Test worker] DEBUG org.springframework.test.context.support.AbstractContextLoader - Did not detect default resource location for test class [it.unisalento.sonoffbackend.SonoffBackEndApplicationTests]: class path resource [it/unisalento/sonoffbackend/SonoffBackEndApplicationTests-context.xml] does not exist
19:36:24.035 [Test worker] DEBUG org.springframework.test.context.support.AbstractContextLoader - Did not detect default resource location for test class [it.unisalento.sonoffbackend.SonoffBackEndApplicationTests]: class path resource [it/unisalento/sonoffbackend/SonoffBackEndApplicationTestsContext.groovy] does not exist
19:36:24.035 [Test worker] INFO org.springframework.test.context.support.AbstractContextLoader - Could not detect default resource locations for test class [it.unisalento.sonoffbackend.SonoffBackEndApplicationTests]: no resource found for suffixes {-context.xml, Context.groovy}.
19:36:24.036 [Test worker] INFO org.springframework.test.context.support.AnnotationConfigContextLoaderUtils - Could not detect default configuration classes for test class [it.unisalento.sonoffbackend.SonoffBackEndApplicationTests]: SonoffBackEndApplicationTests does not declare any static, non-private, non-final, nested classes annotated with @Configuration.
19:36:24.068 [Test worker] DEBUG org.springframework.test.context.support.ActiveProfilesUtils - Could not find an 'annotation declaring class' for annotation type [org.springframework.test.context.ActiveProfiles] and class [it.unisalento.sonoffbackend.SonoffBackEndApplicationTests]
19:36:24.103 [Test worker] DEBUG org.springframework.context.annotation.ClassPathScanningCandidateComponentProvider - Identified candidate component class: file [/Users/simonerusso/Documents/github/Sonoff-backend/build/classes/java/main/it/unisalento/sonoffbackend/SonoffBackEndApplication.class]
19:36:24.104 [Test worker] INFO org.springframework.boot.test.context.SpringBootTestContextBootstrapper - Found @SpringBootConfiguration it.unisalento.sonoffbackend.SonoffBackEndApplication for test class it.unisalento.sonoffbackend.SonoffBackEndApplicationTests
19:36:24.176 [Test worker] DEBUG org.springframework.boot.test.context.SpringBootTestContextBootstrapper - @TestExecutionListeners is not present for class [it.unisalento.sonoffbackend.SonoffBackEndApplicationTests]: using defaults.
19:36:24.177 [Test worker] INFO org.springframework.boot.test.context.SpringBootTestContextBootstrapper - Loaded default TestExecutionListener class names from location [META-INF/spring.factories]: [org.springframework.boot.test.autoconfigure.restdocs.RestDocsTestExecutionListener, org.springframework.boot.test.autoconfigure.web.client.MockRestServiceServerResetTestExecutionListener, org.springframework.boot.test.autoconfigure.web.servlet.MockMvcPrintOnlyOnFailureTestExecutionListener, org.springframework.boot.test.autoconfigure.web.servlet.WebDriverTestExecutionListener, org.springframework.boot.test.autoconfigure.webservices.client.MockWebServiceServerTestExecutionListener, org.springframework.boot.test.mock.mockito.MockitoTestExecutionListener, org.springframework.boot.test.mock.mockito.ResetMocksTestExecutionListener, org.springframework.test.context.web.ServletTestExecutionListener, org.springframework.test.context.support.DirtiesContextBeforeModesTestExecutionListener, org.springframework.test.context.event.ApplicationEventsTestExecutionListener, org.springframework.test.context.support.DependencyInjectionTestExecutionListener, org.springframework.test.context.support.DirtiesContextTestExecutionListener, org.springframework.test.context.transaction.TransactionalTestExecutionListener, org.springframework.test.context.jdbc.SqlScriptsTestExecutionListener, org.springframework.test.context.event.EventPublishingTestExecutionListener]
19:36:24.184 [Test worker] DEBUG org.springframework.boot.test.context.SpringBootTestContextBootstrapper - Skipping candidate TestExecutionListener [org.springframework.test.context.transaction.TransactionalTestExecutionListener] due to a missing dependency. Specify custom listener classes or make the default listener classes and their required dependencies available. Offending class: [org/springframework/transaction/TransactionDefinition]
19:36:24.184 [Test worker] DEBUG org.springframework.boot.test.context.SpringBootTestContextBootstrapper - Skipping candidate TestExecutionListener [org.springframework.test.context.jdbc.SqlScriptsTestExecutionListener] due to a missing dependency. Specify custom listener classes or make the default listener classes and their required dependencies available. Offending class: [org/springframework/transaction/interceptor/TransactionAttribute]
19:36:24.185 [Test worker] INFO org.springframework.boot.test.context.SpringBootTestContextBootstrapper - Using TestExecutionListeners: [org.springframework.test.context.web.ServletTestExecutionListener@56b78e55, org.springframework.test.context.support.DirtiesContextBeforeModesTestExecutionListener@76318a7d, org.springframework.test.context.event.ApplicationEventsTestExecutionListener@2a492f2a, org.springframework.boot.test.mock.mockito.MockitoTestExecutionListener@3277e499, org.springframework.boot.test.autoconfigure.SpringBootDependencyInjectionTestExecutionListener@585811a4, org.springframework.test.context.support.DirtiesContextTestExecutionListener@22c01ab0, org.springframework.test.context.event.EventPublishingTestExecutionListener@411341bd, org.springframework.boot.test.autoconfigure.restdocs.RestDocsTestExecutionListener@4c4d362a, org.springframework.boot.test.autoconfigure.web.client.MockRestServiceServerResetTestExecutionListener@5400db36, org.springframework.boot.test.autoconfigure.web.servlet.MockMvcPrintOnlyOnFailureTestExecutionListener@76b74e9c, org.springframework.boot.test.autoconfigure.web.servlet.WebDriverTestExecutionListener@2d72f75e, org.springframework.boot.test.autoconfigure.webservices.client.MockWebServiceServerTestExecutionListener@8ab78bc, org.springframework.boot.test.mock.mockito.ResetMocksTestExecutionListener@5aa0dbf4]
19:36:24.187 [Test worker] DEBUG org.springframework.test.context.support.AbstractDirtiesContextTestExecutionListener - Before test class: context [DefaultTestContext@10027fc9 testClass = SonoffBackEndApplicationTests, testInstance = [null], testMethod = [null], testException = [null], mergedContextConfiguration = [WebMergedContextConfiguration@54afd745 testClass = SonoffBackEndApplicationTests, locations = '{}', classes = '{class it.unisalento.sonoffbackend.SonoffBackEndApplication}', contextInitializerClasses = '[]', activeProfiles = '{}', propertySourceLocations = '{}', propertySourceProperties = '{org.springframework.boot.test.context.SpringBootTestContextBootstrapper=true}', contextCustomizers = set[org.springframework.boot.test.autoconfigure.actuate.metrics.MetricsExportContextCustomizerFactory$DisableMetricExportContextCustomizer@52de51b6, org.springframework.boot.test.autoconfigure.properties.PropertyMappingContextCustomizer@0, org.springframework.boot.test.autoconfigure.web.servlet.WebDriverContextCustomizerFactory$Customizer@b70da4c, org.springframework.boot.test.context.filter.ExcludeFilterContextCustomizer@b7838a9, org.springframework.boot.test.json.DuplicateJsonObjectContextCustomizerFactory$DuplicateJsonObjectContextCustomizer@1c3146bc, org.springframework.boot.test.mock.mockito.MockitoContextCustomizer@0, org.springframework.boot.test.web.client.TestRestTemplateContextCustomizer@25bc0606, org.springframework.boot.test.context.SpringBootTestArgs@1, org.springframework.boot.test.context.SpringBootTestWebEnvironment@415b0b49], resourceBasePath = 'src/main/webapp', contextLoader = 'org.springframework.boot.test.context.SpringBootContextLoader', parent = [null]], attributes = map['org.springframework.test.context.web.ServletTestExecutionListener.activateListener' -> true]], class annotated with @DirtiesContext [false] with mode [null].
19:36:24.211 [Test worker] DEBUG org.springframework.test.context.support.TestPropertySourceUtils - Adding inlined properties to environment: {spring.jmx.enabled=false, org.springframework.boot.test.context.SpringBootTestContextBootstrapper=true}

  .   ____          _            __ _ _
 /\\ / ___'_ __ _ _(_)_ __  __ _ \ \ \ \
( ( )\___ | '_ | '_| | '_ \/ _` | \ \ \ \
 \\/  ___)| |_)| | | | | || (_| |  ) ) ) )
  '  |____| .__|_| |_|_| |_\__, | / / / /
 =========|_|==============|___/=/_/_/_/
 :: Spring Boot ::                (v2.5.5)

2021-11-24 19:36:24.384  WARN 3660 --- [    Test worker] ory$DuplicateJsonObjectContextCustomizer : 

Found multiple occurrences of org.json.JSONObject on the class path:

	jar:file:/Users/simonerusso/.gradle/caches/modules-2/files-2.1/org.json/json/20171018/36ced462c97f0845b4a7b266a25cebe95d18baa3/json-20171018.jar!/org/json/JSONObject.class
	jar:file:/Users/simonerusso/.gradle/caches/modules-2/files-2.1/com.vaadin.external.google/android-json/0.0.20131108.vaadin1/fa26d351fe62a6a17f5cda1287c1c6110dec413f/android-json-0.0.20131108.vaadin1.jar!/org/json/JSONObject.class

You may wish to exclude one of them to ensure predictable runtime behavior

2021-11-24 19:36:24.396  INFO 3660 --- [    Test worker] i.u.s.SonoffBackEndApplicationTests      : Starting SonoffBackEndApplicationTests using Java 16.0.1 on MacBook-Pro-di-Simone.local with PID 3660 (started by simonerusso in /Users/simonerusso/Documents/github/Sonoff-backend)
2021-11-24 19:36:24.398  INFO 3660 --- [    Test worker] i.u.s.SonoffBackEndApplicationTests      : No active profile set, falling back to default profiles: default
2021-11-24 19:36:25.380  WARN 3660 --- [    Test worker] ion$DefaultTemplateResolverConfiguration : Cannot find template location: classpath:/templates/ (please add some templates or check your Thymeleaf configuration)
2021-11-24 19:36:25.465  INFO 3660 --- [    Test worker] i.u.s.SonoffBackEndApplicationTests      : Started SonoffBackEndApplicationTests in 1.248 seconds (JVM running for 2.228)
]]></system-out>
  <system-err><![CDATA[]]></system-err>
</testsuite>
